2023-09-27 00:49:52,503 [INFO] Activator:177 - 


2023-09-27 00:49:52,505 [INFO] Activator:178 - !SESSION log4j initialized
2023-09-27 00:49:58,028 [INFO] McuFinderGlobals:39 - Set McuFinder mode to 2 (CubeIDE integrated)
2023-09-27 00:49:58,401 [INFO] ApplicationProperties:181 - Using Application install path: C:\ST\STM32CubeIDE_1.7.0\STM32CubeIDE\plugins\com.st.stm32cube.common.mx_6.3.0.202107141111
2023-09-27 00:49:58,417 [INFO] DbMcusXml:74 - Set database path to: C:\ST\STM32CubeIDE_1.7.0\STM32CubeIDE\plugins\com.st.stm32cube.common.mx_6.3.0.202107141111\\db\/mcu/
2023-09-27 00:49:58,420 [INFO] DbBoardsPdsc:56 - Set plugin database path to: C:\ST\STM32CubeIDE_1.7.0\STM32CubeIDE\plugins\com.st.stm32cube.common.mx_6.3.0.202107141111\\db\/plugins/boardmanager/
2023-09-27 00:49:58,420 [INFO] DbMcus:258 - Set plugin images path to: C:\ST\STM32CubeIDE_1.7.0\STM32CubeIDE\plugins\com.st.stm32cube.common.mx_6.3.0.202107141111\\db\/plugins/mcufinder/images/
2023-09-27 00:49:58,421 [INFO] DbBoards:264 - Set plugin images path to: C:\ST\STM32CubeIDE_1.7.0\STM32CubeIDE\plugins\com.st.stm32cube.common.mx_6.3.0.202107141111\\db\/plugins/mcufinder/images/
2023-09-27 00:49:58,423 [INFO] DbExamples:333 - Set plugin images path to: C:\ST\STM32CubeIDE_1.7.0\STM32CubeIDE\plugins\com.st.stm32cube.common.mx_6.3.0.202107141111\\db\/plugins/mcufinder/images/
2023-09-27 00:49:58,436 [INFO] DbMcusAds:119 - Set database path to: C:\Users\ASUS\.stmcufinder\plugins\mcufinder//mcu/
2023-09-27 00:49:58,437 [INFO] DbMcusDocs:110 - Set database path to: C:\Users\ASUS\.stmcufinder\plugins\mcufinder//mcu/
2023-09-27 00:49:58,439 [INFO] DbMcusJson:64 - Set database path to: C:\Users\ASUS\.stmcufinder\plugins\mcufinder//mcu/
2023-09-27 00:49:58,440 [INFO] DbBoardsDocs:110 - Set database path to: C:\Users\ASUS\.stmcufinder\plugins\mcufinder//mcu/
2023-09-27 00:49:58,441 [INFO] DbBoardsJson:57 - Set database path to: C:\Users\ASUS\.stmcufinder\plugins\mcufinder//mcu/
2023-09-27 00:49:58,446 [INFO] CrossReferenceDbSqlite:196 - Set database path to: C:\Users\ASUS\.stmcufinder\plugins\mcufinder//mcu/cs/
2023-09-27 00:49:58,449 [INFO] DbExamplesSqlite:767 - Set database path to: C:\Users\ASUS\.stmcufinder\plugins\mcufinder//mcu/
2023-09-27 00:49:58,541 [INFO] RulesReader:57 - Compatibility file has been processed (242 Rules)
2023-09-27 00:49:58,615 [INFO] DbMcusXml:74 - Set database path to: C:\ST\STM32CubeIDE_1.7.0\STM32CubeIDE\plugins\com.st.stm32cube.common.mx_6.3.0.202107141111\\db\/mcu/
2023-09-27 00:49:58,615 [INFO] DbBoardsPdsc:56 - Set plugin database path to: C:\ST\STM32CubeIDE_1.7.0\STM32CubeIDE\plugins\com.st.stm32cube.common.mx_6.3.0.202107141111\\db\/plugins/boardmanager/
2023-09-27 00:49:58,615 [INFO] DbMcus:258 - Set plugin images path to: C:\ST\STM32CubeIDE_1.7.0\STM32CubeIDE\plugins\com.st.stm32cube.common.mx_6.3.0.202107141111\\db\/plugins/mcufinder/images/
2023-09-27 00:49:58,616 [INFO] DbBoards:264 - Set plugin images path to: C:\ST\STM32CubeIDE_1.7.0\STM32CubeIDE\plugins\com.st.stm32cube.common.mx_6.3.0.202107141111\\db\/plugins/mcufinder/images/
2023-09-27 00:49:58,616 [INFO] DbExamples:333 - Set plugin images path to: C:\ST\STM32CubeIDE_1.7.0\STM32CubeIDE\plugins\com.st.stm32cube.common.mx_6.3.0.202107141111\\db\/plugins/mcufinder/images/
2023-09-27 00:49:58,616 [WARN] DbFile:35 - Overriding database path with different value: C:\Users\ASUS\.stmcufinder\plugins\mcufinder/ => C:\Users\ASUS\.stmcufinder\plugins\mcufinder
2023-09-27 00:49:58,616 [INFO] DbMcusAds:119 - Set database path to: C:\Users\ASUS\.stmcufinder\plugins\mcufinder//mcu/
2023-09-27 00:49:58,616 [WARN] DbFile:35 - Overriding database path with different value: C:\Users\ASUS\.stmcufinder\plugins\mcufinder/ => C:\Users\ASUS\.stmcufinder\plugins\mcufinder
2023-09-27 00:49:58,616 [INFO] DbMcusDocs:110 - Set database path to: C:\Users\ASUS\.stmcufinder\plugins\mcufinder//mcu/
2023-09-27 00:49:58,616 [WARN] DbFile:35 - Overriding database path with different value: C:\Users\ASUS\.stmcufinder\plugins\mcufinder/ => C:\Users\ASUS\.stmcufinder\plugins\mcufinder
2023-09-27 00:49:58,616 [INFO] DbMcusJson:64 - Set database path to: C:\Users\ASUS\.stmcufinder\plugins\mcufinder//mcu/
2023-09-27 00:49:58,616 [WARN] DbFile:35 - Overriding database path with different value: C:\Users\ASUS\.stmcufinder\plugins\mcufinder/ => C:\Users\ASUS\.stmcufinder\plugins\mcufinder
2023-09-27 00:49:58,617 [INFO] DbBoardsDocs:110 - Set database path to: C:\Users\ASUS\.stmcufinder\plugins\mcufinder//mcu/
2023-09-27 00:49:58,617 [WARN] DbFile:35 - Overriding database path with different value: C:\Users\ASUS\.stmcufinder\plugins\mcufinder/ => C:\Users\ASUS\.stmcufinder\plugins\mcufinder
2023-09-27 00:49:58,617 [INFO] DbBoardsJson:57 - Set database path to: C:\Users\ASUS\.stmcufinder\plugins\mcufinder//mcu/
2023-09-27 00:49:58,617 [WARN] DbFile:35 - Overriding database path with different value: C:\Users\ASUS\.stmcufinder\plugins\mcufinder/ => C:\Users\ASUS\.stmcufinder\plugins\mcufinder
2023-09-27 00:49:58,617 [WARN] DbFile:35 - Overriding database path with different value: C:\Users\ASUS\.stmcufinder\plugins\mcufinder/ => C:\Users\ASUS\.stmcufinder\plugins\mcufinder
2023-09-27 00:49:58,617 [INFO] CrossReferenceDbSqlite:196 - Set database path to: C:\Users\ASUS\.stmcufinder\plugins\mcufinder//mcu/cs/
2023-09-27 00:49:58,617 [WARN] DbFile:35 - Overriding database path with different value: C:\Users\ASUS\.stmcufinder\plugins\mcufinder/ => C:\Users\ASUS\.stmcufinder\plugins\mcufinder
2023-09-27 00:49:58,617 [INFO] DbExamplesSqlite:767 - Set database path to: C:\Users\ASUS\.stmcufinder\plugins\mcufinder//mcu/
2023-09-27 00:49:58,675 [INFO] MainPanel:214 - HeapMemory: 268435456
2023-09-27 00:49:58,756 [INFO] DbMcusXml:74 - Set database path to: C:\ST\STM32CubeIDE_1.7.0\STM32CubeIDE\plugins\com.st.stm32cube.common.mx_6.3.0.202107141111\\db\/mcu/
2023-09-27 00:49:58,757 [INFO] DbBoardsPdsc:56 - Set plugin database path to: C:\ST\STM32CubeIDE_1.7.0\STM32CubeIDE\plugins\com.st.stm32cube.common.mx_6.3.0.202107141111\\db\/plugins/boardmanager/
2023-09-27 00:49:58,757 [INFO] DbMcus:258 - Set plugin images path to: C:\ST\STM32CubeIDE_1.7.0\STM32CubeIDE\plugins\com.st.stm32cube.common.mx_6.3.0.202107141111\\db\/plugins/mcufinder/images/
2023-09-27 00:49:58,757 [INFO] DbBoards:264 - Set plugin images path to: C:\ST\STM32CubeIDE_1.7.0\STM32CubeIDE\plugins\com.st.stm32cube.common.mx_6.3.0.202107141111\\db\/plugins/mcufinder/images/
2023-09-27 00:49:58,757 [INFO] DbExamples:333 - Set plugin images path to: C:\ST\STM32CubeIDE_1.7.0\STM32CubeIDE\plugins\com.st.stm32cube.common.mx_6.3.0.202107141111\\db\/plugins/mcufinder/images/
2023-09-27 00:49:58,758 [WARN] DbFile:35 - Overriding database path with different value: C:\Users\ASUS\.stmcufinder\plugins\mcufinder/ => C:\Users\ASUS\.stmcufinder\plugins\mcufinder
2023-09-27 00:49:58,758 [INFO] DbMcusAds:119 - Set database path to: C:\Users\ASUS\.stmcufinder\plugins\mcufinder//mcu/
2023-09-27 00:49:58,758 [WARN] DbFile:35 - Overriding database path with different value: C:\Users\ASUS\.stmcufinder\plugins\mcufinder/ => C:\Users\ASUS\.stmcufinder\plugins\mcufinder
2023-09-27 00:49:58,758 [INFO] DbMcusDocs:110 - Set database path to: C:\Users\ASUS\.stmcufinder\plugins\mcufinder//mcu/
2023-09-27 00:49:58,758 [WARN] DbFile:35 - Overriding database path with different value: C:\Users\ASUS\.stmcufinder\plugins\mcufinder/ => C:\Users\ASUS\.stmcufinder\plugins\mcufinder
2023-09-27 00:49:58,758 [INFO] DbMcusJson:64 - Set database path to: C:\Users\ASUS\.stmcufinder\plugins\mcufinder//mcu/
2023-09-27 00:49:58,758 [WARN] DbFile:35 - Overriding database path with different value: C:\Users\ASUS\.stmcufinder\plugins\mcufinder/ => C:\Users\ASUS\.stmcufinder\plugins\mcufinder
2023-09-27 00:49:58,758 [INFO] DbBoardsDocs:110 - Set database path to: C:\Users\ASUS\.stmcufinder\plugins\mcufinder//mcu/
2023-09-27 00:49:58,758 [WARN] DbFile:35 - Overriding database path with different value: C:\Users\ASUS\.stmcufinder\plugins\mcufinder/ => C:\Users\ASUS\.stmcufinder\plugins\mcufinder
2023-09-27 00:49:58,758 [INFO] DbBoardsJson:57 - Set database path to: C:\Users\ASUS\.stmcufinder\plugins\mcufinder//mcu/
2023-09-27 00:49:58,759 [WARN] DbFile:35 - Overriding database path with different value: C:\Users\ASUS\.stmcufinder\plugins\mcufinder/ => C:\Users\ASUS\.stmcufinder\plugins\mcufinder
2023-09-27 00:49:58,759 [WARN] DbFile:35 - Overriding database path with different value: C:\Users\ASUS\.stmcufinder\plugins\mcufinder/ => C:\Users\ASUS\.stmcufinder\plugins\mcufinder
2023-09-27 00:49:58,759 [INFO] CrossReferenceDbSqlite:196 - Set database path to: C:\Users\ASUS\.stmcufinder\plugins\mcufinder//mcu/cs/
2023-09-27 00:49:58,759 [WARN] DbFile:35 - Overriding database path with different value: C:\Users\ASUS\.stmcufinder\plugins\mcufinder/ => C:\Users\ASUS\.stmcufinder\plugins\mcufinder
2023-09-27 00:49:58,759 [INFO] DbExamplesSqlite:767 - Set database path to: C:\Users\ASUS\.stmcufinder\plugins\mcufinder//mcu/
2023-09-27 00:49:58,775 [INFO] ApplicationProperties:181 - Using Application install path: C:\ST\STM32CubeIDE_1.7.0\STM32CubeIDE\plugins\com.st.stm32cube.common.mx_6.3.0.202107141111
2023-09-27 00:49:58,776 [INFO] PluginManage:188 - Search for loadable plugins [exclusion list=, ]
2023-09-27 00:49:58,777 [INFO] PluginManage:302 - Check plugin analytics
2023-09-27 00:49:58,902 [INFO] AnalyticsPlugin:257 - Accepted Software Licenses: 
2023-09-27 00:49:58,902 [INFO] AnalyticsPlugin:259 - Accepted CMSIS Pack Licenses: 
2023-09-27 00:49:58,903 [INFO] AnalyticsPlugin:261 - Accepted Firmware Licenses: 
2023-09-27 00:49:58,903 [INFO] PluginManage:352 - Loaded plugin analytics (category:tool,tabindex:-1)
2023-09-27 00:49:58,903 [INFO] PluginManage:302 - Check plugin clock
2023-09-27 00:49:58,921 [INFO] PluginManage:352 - Loaded plugin clock (category:base,tabindex:2)
2023-09-27 00:49:58,921 [INFO] PluginManage:302 - Check plugin ddr
2023-09-27 00:49:58,923 [INFO] PluginManage:352 - Loaded plugin ddr (category:tool,tabindex:6)
2023-09-27 00:49:58,923 [INFO] PluginManage:302 - Check plugin filemanager
2023-09-27 00:49:59,027 [INFO] PluginManage:352 - Loaded plugin filemanager (category:base,tabindex:10)
2023-09-27 00:49:59,027 [INFO] PluginManage:302 - Check plugin ipmanager
2023-09-27 00:49:59,033 [INFO] PluginManage:352 - Loaded plugin ipmanager (category:base,tabindex:5)
2023-09-27 00:49:59,034 [INFO] PluginManage:302 - Check plugin pinoutandconfiguration
2023-09-27 00:49:59,048 [INFO] PluginManage:352 - Loaded plugin pinoutandconfiguration (category:base,tabindex:1)
2023-09-27 00:49:59,048 [INFO] PluginManage:302 - Check plugin pinoutconfig
2023-09-27 00:49:59,079 [INFO] PluginManage:352 - Loaded plugin pinoutconfig (category:base,tabindex:0)
2023-09-27 00:49:59,079 [INFO] PluginManage:302 - Check plugin power
2023-09-27 00:49:59,097 [INFO] PluginManage:352 - Loaded plugin power (category:power,tabindex:4)
2023-09-27 00:49:59,098 [INFO] PluginManage:302 - Check plugin projectmanager
2023-09-27 00:49:59,111 [INFO] PluginManage:352 - Loaded plugin projectmanager (category:projectmanager,tabindex:3)
2023-09-27 00:49:59,111 [INFO] PluginManage:302 - Check plugin thirdparty
2023-09-27 00:49:59,321 [INFO] PluginManage:352 - Loaded plugin thirdparty (category:base,tabindex:-1)
2023-09-27 00:49:59,321 [INFO] PluginManage:302 - Check plugin tools
2023-09-27 00:49:59,321 [WARN] IntegrityCheckThread:78 - waiting for thirdparty lock release [integrity check]
2023-09-27 00:49:59,322 [INFO] IntegrityCheckThread:80 - entering critical section [integrity check]
2023-09-27 00:49:59,322 [INFO] ThirdPartyUpdaterWithRetryManager:66 - Updater plugin not ready yet. [1/15]
2023-09-27 00:49:59,381 [INFO] PluginManage:352 - Loaded plugin tools (category:base,tabindex:7)
2023-09-27 00:49:59,381 [INFO] PluginManage:302 - Check plugin tutovideos
2023-09-27 00:49:59,599 [INFO] PluginManage:352 - Loaded plugin tutovideos (category:base,tabindex:-1)
2023-09-27 00:49:59,599 [INFO] PluginManage:302 - Check plugin updater
2023-09-27 00:49:59,611 [INFO] PluginManage:352 - Loaded plugin updater (category:base,tabindex:12)
2023-09-27 00:49:59,611 [INFO] PluginManage:275 - PluginManage : Loaded plugins [13]
2023-09-27 00:49:59,756 [INFO] PinOutPanel:1463 - setPackage(No Configuration,No Configuration)
2023-09-27 00:49:59,833 [INFO] IPUIPlugin:74 - create IPUIPlugin
2023-09-27 00:49:59,833 [INFO] PluginManager:213 - loadIPPluginJar : add adc
2023-09-27 00:49:59,867 [INFO] IPUIPlugin:74 - create IPUIPlugin
2023-09-27 00:49:59,867 [INFO] PluginManager:213 - loadIPPluginJar : add aes
2023-09-27 00:49:59,907 [INFO] IPUIPlugin:74 - create IPUIPlugin
2023-09-27 00:49:59,907 [INFO] PluginManager:213 - loadIPPluginJar : add can
2023-09-27 00:49:59,933 [INFO] IPUIPlugin:74 - create IPUIPlugin
2023-09-27 00:49:59,933 [INFO] PluginManager:213 - loadIPPluginJar : add comp
2023-09-27 00:49:59,964 [INFO] IPUIPlugin:74 - create IPUIPlugin
2023-09-27 00:49:59,964 [INFO] PluginManager:213 - loadIPPluginJar : add cryp
2023-09-27 00:49:59,996 [INFO] IPUIPlugin:74 - create IPUIPlugin
2023-09-27 00:49:59,996 [INFO] PluginManager:213 - loadIPPluginJar : add dfsdm
2023-09-27 00:50:00,007 [INFO] IPUIPlugin:74 - create IPUIPlugin
2023-09-27 00:50:00,008 [INFO] PluginManager:213 - loadIPPluginJar : add dma
2023-09-27 00:50:00,050 [INFO] IPUIPlugin:74 - create IPUIPlugin
2023-09-27 00:50:00,051 [INFO] PluginManager:213 - loadIPPluginJar : add dma3
2023-09-27 00:50:00,074 [INFO] IPUIPlugin:74 - create IPUIPlugin
2023-09-27 00:50:00,074 [INFO] PluginManager:213 - loadIPPluginJar : add fatfs
2023-09-27 00:50:00,124 [INFO] IPUIPlugin:74 - create IPUIPlugin
2023-09-27 00:50:00,124 [INFO] PluginManager:213 - loadIPPluginJar : add fmc
2023-09-27 00:50:00,137 [INFO] IPUIPlugin:74 - create IPUIPlugin
2023-09-27 00:50:00,137 [INFO] PluginManager:213 - loadIPPluginJar : add freertos
2023-09-27 00:50:00,161 [INFO] IPUIPlugin:74 - create IPUIPlugin
2023-09-27 00:50:00,161 [INFO] PluginManager:213 - loadIPPluginJar : add genericplugin
2023-09-27 00:50:00,242 [INFO] IPUIPlugin:74 - create IPUIPlugin
2023-09-27 00:50:00,242 [INFO] PluginManager:213 - loadIPPluginJar : add gfxmmu
2023-09-27 00:50:00,357 [INFO] IPUIPlugin:74 - create IPUIPlugin
2023-09-27 00:50:00,357 [INFO] PluginManager:213 - loadIPPluginJar : add gic
2023-09-27 00:50:00,368 [INFO] IPUIPlugin:74 - create IPUIPlugin
2023-09-27 00:50:00,368 [INFO] PluginManager:213 - loadIPPluginJar : add gpio
2023-09-27 00:50:00,436 [INFO] IPUIPlugin:74 - create IPUIPlugin
2023-09-27 00:50:00,436 [INFO] PluginManager:213 - loadIPPluginJar : add gtzc
2023-09-27 00:50:00,465 [INFO] IPUIPlugin:74 - create IPUIPlugin
2023-09-27 00:50:00,465 [INFO] PluginManager:213 - loadIPPluginJar : add hash
2023-09-27 00:50:00,516 [INFO] IPUIPlugin:74 - create IPUIPlugin
2023-09-27 00:50:00,516 [INFO] PluginManager:213 - loadIPPluginJar : add i2c
2023-09-27 00:50:00,556 [INFO] IPUIPlugin:74 - create IPUIPlugin
2023-09-27 00:50:00,556 [INFO] PluginManager:213 - loadIPPluginJar : add i2s
2023-09-27 00:50:00,566 [INFO] IPUIPlugin:74 - create IPUIPlugin
2023-09-27 00:50:00,566 [INFO] PluginManager:213 - loadIPPluginJar : add ipddr
2023-09-27 00:50:00,648 [INFO] IPUIPlugin:74 - create IPUIPlugin
2023-09-27 00:50:00,648 [INFO] PluginManager:213 - loadIPPluginJar : add linkedlist
2023-09-27 00:50:00,682 [INFO] IPUIPlugin:74 - create IPUIPlugin
2023-09-27 00:50:00,682 [INFO] PluginManager:213 - loadIPPluginJar : add lorawan
2023-09-27 00:50:00,718 [INFO] IPUIPlugin:74 - create IPUIPlugin
2023-09-27 00:50:00,719 [INFO] PluginManager:213 - loadIPPluginJar : add ltdc
2023-09-27 00:50:00,730 [INFO] IPUIPlugin:74 - create IPUIPlugin
2023-09-27 00:50:00,731 [INFO] PluginManager:213 - loadIPPluginJar : add mdma
2023-09-27 00:50:00,741 [INFO] IPUIPlugin:74 - create IPUIPlugin
2023-09-27 00:50:00,741 [INFO] PluginManager:213 - loadIPPluginJar : add nvic
2023-09-27 00:50:00,777 [INFO] IPUIPlugin:74 - create IPUIPlugin
2023-09-27 00:50:00,777 [INFO] PluginManager:213 - loadIPPluginJar : add opamp
2023-09-27 00:50:00,834 [INFO] IPUIPlugin:74 - create IPUIPlugin
2023-09-27 00:50:00,834 [INFO] PluginManager:213 - loadIPPluginJar : add openamp
2023-09-27 00:50:00,874 [INFO] IPUIPlugin:74 - create IPUIPlugin
2023-09-27 00:50:00,874 [INFO] PluginManager:213 - loadIPPluginJar : add pdm2pcm
2023-09-27 00:50:00,886 [INFO] IPUIPlugin:74 - create IPUIPlugin
2023-09-27 00:50:00,889 [INFO] PluginManager:213 - loadIPPluginJar : add plateformsettings
2023-09-27 00:50:00,912 [INFO] IPUIPlugin:74 - create IPUIPlugin
2023-09-27 00:50:00,912 [INFO] PluginManager:213 - loadIPPluginJar : add quadspi
2023-09-27 00:50:00,923 [INFO] IPUIPlugin:74 - create IPUIPlugin
2023-09-27 00:50:00,923 [INFO] PluginManager:213 - loadIPPluginJar : add resmgrutility
2023-09-27 00:50:00,972 [INFO] IPUIPlugin:74 - create IPUIPlugin
2023-09-27 00:50:00,972 [INFO] PluginManager:213 - loadIPPluginJar : add sai
2023-09-27 00:50:01,009 [INFO] IPUIPlugin:74 - create IPUIPlugin
2023-09-27 00:50:01,009 [INFO] PluginManager:213 - loadIPPluginJar : add spi
2023-09-27 00:50:01,062 [INFO] IPUIPlugin:74 - create IPUIPlugin
2023-09-27 00:50:01,062 [INFO] PluginManager:213 - loadIPPluginJar : add stm32_wpan
2023-09-27 00:50:01,087 [INFO] IPUIPlugin:74 - create IPUIPlugin
2023-09-27 00:50:01,087 [INFO] PluginManager:213 - loadIPPluginJar : add tim
2023-09-27 00:50:01,146 [INFO] IPUIPlugin:74 - create IPUIPlugin
2023-09-27 00:50:01,146 [INFO] PluginManager:213 - loadIPPluginJar : add touchsensing
2023-09-27 00:50:01,171 [INFO] IPUIPlugin:74 - create IPUIPlugin
2023-09-27 00:50:01,172 [INFO] PluginManager:213 - loadIPPluginJar : add tracer_emb
2023-09-27 00:50:01,199 [INFO] IPUIPlugin:74 - create IPUIPlugin
2023-09-27 00:50:01,199 [INFO] PluginManager:213 - loadIPPluginJar : add ts
2023-09-27 00:50:01,224 [INFO] IPUIPlugin:74 - create IPUIPlugin
2023-09-27 00:50:01,225 [INFO] PluginManager:213 - loadIPPluginJar : add tsc
2023-09-27 00:50:01,249 [INFO] IPUIPlugin:74 - create IPUIPlugin
2023-09-27 00:50:01,250 [INFO] PluginManager:213 - loadIPPluginJar : add ucpd
2023-09-27 00:50:01,292 [INFO] IPUIPlugin:74 - create IPUIPlugin
2023-09-27 00:50:01,292 [INFO] PluginManager:213 - loadIPPluginJar : add usart
2023-09-27 00:50:01,330 [INFO] IPUIPlugin:74 - create IPUIPlugin
2023-09-27 00:50:01,330 [INFO] PluginManager:213 - loadIPPluginJar : add usbx
2023-09-27 00:50:01,656 [FATAL] Updater:294 - Updater called before beeing initialized
2023-09-27 00:50:01,747 [FATAL] Updater:294 - Updater called before beeing initialized
2023-09-27 00:50:01,751 [INFO] DbMcusAds:47 - JSON generation date=Tue Mar 07 15:50:55 ICT 2023 (1678179055114)
2023-09-27 00:50:01,751 [FATAL] Updater:294 - Updater called before beeing initialized
2023-09-27 00:50:01,804 [WARN] DetailPanel:314 - Failed to get advertising image, set to default
2023-09-27 00:50:01,894 [FATAL] Updater:294 - Updater called before beeing initialized
2023-09-27 00:50:01,896 [FATAL] Updater:294 - Updater called before beeing initialized
2023-09-27 00:50:01,896 [FATAL] Updater:294 - Updater called before beeing initialized
2023-09-27 00:50:01,896 [WARN] DetailPanel:314 - Failed to get advertising image, set to default
2023-09-27 00:50:01,897 [FATAL] Updater:294 - Updater called before beeing initialized
2023-09-27 00:50:01,946 [ERROR] Updater:1075 - MainUpdater not yet initialized. External WinMGr cannot be set.
2023-09-27 00:50:01,954 [INFO] Updater:1012 - Updater Version found : 6.3.0
2023-09-27 00:50:01,971 [INFO] ApplicationProperties:181 - Using Application install path: C:\ST\STM32CubeIDE_1.7.0\STM32CubeIDE\plugins\com.st.stm32cube.common.mx_6.3.0.202107141111
2023-09-27 00:50:02,332 [INFO] ThirdPartyUpdaterWithRetryManager:66 - Updater plugin not ready yet. [2/15]
2023-09-27 00:50:02,646 [INFO] MainUpdater:2671 - connection check result : 10
2023-09-27 00:50:02,646 [INFO] MainUpdater:265 - Updater Check For Update Now.
2023-09-27 00:50:02,646 [INFO] MicroXplorer:478 - Change Database Version : DB.6.0.30
2023-09-27 00:50:02,806 [INFO] CheckServerUpdateThread:112 - End of CheckServer Thread
2023-09-27 00:50:02,882 [INFO] MainUpdater:2671 - connection check result : 10
2023-09-27 00:50:03,253 [INFO] McuFinderGlobals:52 - Set McuFinderConnectedMode to false
2023-09-27 00:50:03,338 [INFO] CrossSelectorPresenter:1330 - Cross Selector saved comparison directory: C:\Users\ASUS\.stmcufinder\plugins\mcufinder\mcu\cs_comparisons_mx
2023-09-27 00:50:03,344 [INFO] MultiScanPanel:197 - Auto-refresh data requested => check proxy status ongoing
2023-09-27 00:50:03,344 [INFO] MultiScanPanel:201 - Proxy status is invalid
2023-09-27 00:50:03,348 [INFO] FinderPluginLoader:87 - Searching for filters in installed packs
2023-09-27 00:50:03,350 [INFO] DbMcusXml:100 - Load MCU database from C:\ST\STM32CubeIDE_1.7.0\STM32CubeIDE\plugins\com.st.stm32cube.common.mx_6.3.0.202107141111\\db\/mcu/families.xml
2023-09-27 00:50:04,178 [INFO] DbMcusJson:93 - JSON generation date=Tue Nov 16 23:17:54 ICT 2021 (1637079474)
2023-09-27 00:50:04,905 [INFO] DbMcus:175 - Found 1951 MCUs (1903 are supported by CubeMX, 1914 are visible in CubeMX)
2023-09-27 00:50:04,906 [INFO] ApiDb:251 - Load user favorites file C:\Users\ASUS/.stm32cubeide/favorites.mcus.txt: 0 item(s)
2023-09-27 00:50:04,906 [INFO] ApiDb:255 - User favorites MCUs=[]
2023-09-27 00:50:04,906 [INFO] DbMcus:187 - Set 0 / 0 favorites MCUs
2023-09-27 00:50:05,328 [INFO] DetailPanel:309 - Set advertising image to C:/Users/ASUS/STM32Cube/Repository/\en.prom-stm32h5-mcu-finder.jpg
2023-09-27 00:50:05,490 [ERROR] Engine:463 - C:\Users\ASUS\.stm32cubemx\thirdparties\pdsc\STMicroelectronics.X-CUBE-SMBUS.2.1.0.pdsc: PDSC version is not supported
2023-09-27 00:50:05,560 [WARN] PackLoader:238 - Cannot read IP mode file for STMicroelectronics.X-CUBE-AZRTOS-F7.1.1.0
2023-09-27 00:50:05,579 [ERROR] Engine:463 - C:\Users\ASUS\.stm32cubemx\thirdparties\pdsc\STMicroelectronics.FP-SNS-MOTENV1.4.3.2.pdsc: PDSC version is not supported
2023-09-27 00:50:05,591 [ERROR] Engine:463 - C:\Users\ASUS\.stm32cubemx\thirdparties\pdsc\STMicroelectronics.FP-SNS-FLIGHT1.5.0.2.pdsc: PDSC version is not supported
2023-09-27 00:50:05,602 [ERROR] Engine:463 - C:\Users\ASUS\.stm32cubemx\thirdparties\pdsc\STMicroelectronics.X-CUBE-DISPLAY.3.0.0.pdsc: PDSC version is not supported
2023-09-27 00:50:05,616 [WARN] PackLoader:238 - Cannot read IP mode file for STMicroelectronics.X-CUBE-BLE1.7.0.0
2023-09-27 00:50:05,625 [ERROR] Engine:463 - C:\Users\ASUS\.stm32cubemx\thirdparties\pdsc\emotas.I-CUBE-CANOPEN.1.3.0.pdsc: PDSC version is not supported
2023-09-27 00:50:05,635 [WARN] PackLoader:238 - Cannot read IP mode file for STMicroelectronics.X-CUBE-TOUCHGFX.4.22.0
2023-09-27 00:50:05,642 [ERROR] Engine:463 - C:\Users\ASUS\.stm32cubemx\thirdparties\pdsc\STMicroelectronics.FP-SNS-SMARTAG2.1.2.0.pdsc: PDSC version is not supported
2023-09-27 00:50:05,661 [INFO] LogOutputStream:76 - [STDOUT_REDIRECT] 1 : Invalid condition id : UX_CORESTACK_Condition cause : null
2023-09-27 00:50:05,663 [INFO] LogOutputStream:76 - [STDOUT_REDIRECT] 1 : Invalid condition id : UX_CORESTACK_Condition cause : null
2023-09-27 00:50:05,664 [INFO] LogOutputStream:76 - [STDOUT_REDIRECT] 1 : Invalid condition id : UX_CORESTACK_Condition cause : null
2023-09-27 00:50:05,665 [INFO] LogOutputStream:76 - [STDOUT_REDIRECT] 1 : Invalid condition id : UX_CORESTACK_Condition cause : null
2023-09-27 00:50:05,666 [INFO] LogOutputStream:76 - [STDOUT_REDIRECT] 1 : Invalid condition id : UX_CORESTACK_Condition cause : null
2023-09-27 00:50:05,669 [WARN] PackLoader:238 - Cannot read IP mode file for STMicroelectronics.X-CUBE-AZRTOS-WL.2.0.0
2023-09-27 00:50:05,682 [WARN] PackLoader:238 - Cannot read IP mode file for WES.I-CUBE-Cesium.1.3.0
2023-09-27 00:50:05,692 [WARN] PackLoader:238 - Cannot read IP mode file for STMicroelectronics.X-CUBE-BLE2.3.3.0
2023-09-27 00:50:05,704 [WARN] PackLoader:238 - Cannot read IP mode file for STMicroelectronics.X-CUBE-ALGOBUILD.1.3.0
2023-09-27 00:50:05,730 [INFO] DbBoardsPdsc:90 - Found 25 items
2023-09-27 00:50:05,730 [WARN] PackLoader:238 - Cannot read IP mode file for STMicroelectronics.X-CUBE-AZRTOS-G0.1.1.0
2023-09-27 00:50:05,743 [INFO] DbBoardsPdsc:90 - Found 9 items
2023-09-27 00:50:05,753 [INFO] DbBoardsPdsc:90 - Found 33 items
2023-09-27 00:50:05,753 [WARN] PackLoader:238 - Cannot read IP mode file for STMicroelectronics.X-CUBE-NFC4.3.0.0
2023-09-27 00:50:05,761 [INFO] DbBoardsPdsc:90 - Found 1 items
2023-09-27 00:50:05,763 [WARN] PackLoader:238 - Cannot read IP mode file for STMicroelectronics.FP-ATR-SIGFOX1.3.2.0
2023-09-27 00:50:05,780 [INFO] DbBoardsPdsc:90 - Found 48 items
2023-09-27 00:50:05,795 [INFO] DbBoardsPdsc:90 - Found 43 items
2023-09-27 00:50:05,803 [INFO] DbBoardsPdsc:90 - Found 2 items
2023-09-27 00:50:05,805 [WARN] PackLoader:238 - Cannot read IP mode file for SEGGER.I-CUBE-embOS.1.3.1
2023-09-27 00:50:05,811 [INFO] DbBoardsPdsc:90 - Found 5 items
2023-09-27 00:50:05,815 [WARN] DbBoardsPdsc:254 - Board STM32H7B3I-DK: unknown feature type=Audio, name=, username=Audio stereo codec with Headphone Amp (CS42L51-CNZ), n=1
2023-09-27 00:50:05,816 [WARN] DbBoardsPdsc:254 - Board STM32H735G-DK: unknown feature type=Audio, name=, username=Audio stereo codec with Headphone Amp (WM8994ECS/R), n=1
2023-09-27 00:50:05,817 [WARN] DbBoardsPdsc:254 - Board STM32H7B3I-EVAL: unknown feature type=Audio, name=, username=Multi-Channel Audio Codec (CS42L51-CNZ), n=1
2023-09-27 00:50:05,817 [WARN] DbBoardsPdsc:254 - Board STM32H7B3I-EVAL: unknown feature type=Meter, name=, username=Power-metering and Temperature-monitoring with sigma-delta modulators, n=1
2023-09-27 00:50:05,817 [WARN] DbBoardsPdsc:254 - Board STM32H7B3I-EVAL: unknown feature type=Motor, name=, username=Motor Control, n=1
2023-09-27 00:50:05,818 [WARN] DbBoardsPdsc:254 - Board STM32U575I-EV: unknown feature type=joystick, name=, username=4-direction joystick with selection button, n=1
2023-09-27 00:50:05,869 [WARN] PackLoader:238 - Cannot read IP mode file for STMicroelectronics.X-CUBE-GNSS1.6.0.0
2023-09-27 00:50:05,870 [INFO] DbBoardsJson:86 - JSON generation date=Tue Nov 16 23:17:54 ICT 2021 (1637079474)
2023-09-27 00:50:05,877 [INFO] DbBoards:117 - Found 167 boards (163 are supported by CubeMX)
2023-09-27 00:50:05,888 [INFO] DbBoardsDocs:143 - JSON generation date=Tue Nov 16 23:17:54 ICT 2021 (1637079474)
2023-09-27 00:50:05,893 [INFO] DbBoardsDocs:79 - Found 209 boards documents
2023-09-27 00:50:05,894 [WARN] DbBoards:127 - board B-L475E-IOT01A2 has no document id list !
2023-09-27 00:50:05,895 [WARN] DbBoards:127 - board NUCLEO-H743ZI has no document id list !
2023-09-27 00:50:05,895 [WARN] DbBoards:127 - board NUCLEO-WL55JC2 has no document id list !
2023-09-27 00:50:05,895 [WARN] DbBoards:127 - board P-NUCLEO-WB55-Nucleo has no document id list !
2023-09-27 00:50:05,896 [WARN] DbBoards:127 - board P-NUCLEO-WB55-USBDongle has no document id list !
2023-09-27 00:50:05,896 [WARN] DbBoards:127 - board STEVAL-BFA001V1B has no document id list !
2023-09-27 00:50:05,896 [WARN] DbBoards:127 - board STEVAL-BFA001V2B has no document id list !
2023-09-27 00:50:05,896 [WARN] DbBoards:127 - board STEVAL-IDP005V1 has no document id list !
2023-09-27 00:50:05,896 [WARN] DbBoards:127 - board STEVAL-IDP005V2 has no document id list !
2023-09-27 00:50:05,896 [WARN] DbBoards:127 - board STEVAL-MKSBOX1V1 has no document id list !
2023-09-27 00:50:05,896 [WARN] DbBoards:127 - board STEVAL-STWINKT1 has no document id list !
2023-09-27 00:50:05,896 [WARN] DbBoards:127 - board STEVAL-STWINKT1B has no document id list !
2023-09-27 00:50:05,897 [WARN] DbBoards:127 - board STM32439I-EVAL2 has no document id list !
2023-09-27 00:50:05,897 [WARN] DbBoards:127 - board STM32F401C-DISCO has no document id list !
2023-09-27 00:50:05,903 [WARN] DbBoards:127 - board STM32F769I-DISC1 has no document id list !
2023-09-27 00:50:05,903 [WARN] DbBoards:127 - board STM32G474E-EVAL1 has no document id list !
2023-09-27 00:50:05,903 [WARN] DbBoards:127 - board STM32H743I-EVAL2 has no document id list !
2023-09-27 00:50:05,903 [WARN] DbBoards:127 - board STM32H747I-DISC1 has no document id list !
2023-09-27 00:50:05,904 [WARN] DbBoards:127 - board STM32H753I-EVAL2 has no document id list !
2023-09-27 00:50:05,904 [WARN] DbBoards:127 - board STM32L-DISCOVERY has no document id list !
2023-09-27 00:50:05,914 [WARN] PackLoader:238 - Cannot read IP mode file for STMicroelectronics.X-CUBE-AZRTOS-F4.1.1.0
2023-09-27 00:50:05,927 [WARN] PackLoader:238 - Cannot read IP mode file for wolfSSL.I-CUBE-wolfSSL.5.6.3
2023-09-27 00:50:05,969 [WARN] PackLoader:238 - Cannot read IP mode file for STMicroelectronics.X-CUBE-AZRTOS-L5.2.0.0
2023-09-27 00:50:06,041 [WARN] PackLoader:238 - Cannot read IP mode file for STMicroelectronics.X-CUBE-MEMS1.9.6.0
2023-09-27 00:50:06,075 [ERROR] DbBoards:189 - Image file not found for board B-U585I-IOT02A: C:\ST\STM32CubeIDE_1.7.0\STM32CubeIDE\plugins\com.st.stm32cube.common.mx_6.3.0.202107141111\\db\/plugins/mcufinder/images/boards/B-U585I-IOT02A_small.jpg
2023-09-27 00:50:06,192 [ERROR] DbBoards:189 - Image file not found for board NUCLEO-F413ZH: C:\ST\STM32CubeIDE_1.7.0\STM32CubeIDE\plugins\com.st.stm32cube.common.mx_6.3.0.202107141111\\db\/plugins/mcufinder/images/boards/nucleo-f413zh_small.jpg
2023-09-27 00:50:06,271 [WARN] PackLoader:238 - Cannot read IP mode file for STMicroelectronics.X-CUBE-BLEMGR.2.0.0
2023-09-27 00:50:06,301 [WARN] ConditionMgr:437 - getConditionDescription Invalid condition id : UX DEVICE CLASS RTOS Condition cause : null
2023-09-27 00:50:06,302 [WARN] ConditionMgr:437 - getConditionDescription Invalid condition id : UX DEVICE CLASS RTOS Condition cause : null
2023-09-27 00:50:06,304 [WARN] PackLoader:238 - Cannot read IP mode file for STMicroelectronics.X-CUBE-AZRTOS-H7.3.1.0
2023-09-27 00:50:06,305 [WARN] ConditionMgr:1038 - genDependencies : Invalid condition id : UX DEVICE CLASS RTOS Condition cause : null
2023-09-27 00:50:06,305 [WARN] ConditionMgr:1038 - genDependencies : Invalid condition id : UX DEVICE CLASS RTOS Condition cause : null
2023-09-27 00:50:06,306 [WARN] ConditionMgr:1038 - genDependencies : Invalid condition id : UX DEVICE CLASS RTOS Condition cause : null
2023-09-27 00:50:06,306 [WARN] ConditionMgr:1038 - genDependencies : Invalid condition id : UX DEVICE CLASS RTOS Condition cause : null
2023-09-27 00:50:06,306 [WARN] ConditionMgr:1038 - genDependencies : Invalid condition id : UX DEVICE CLASS RTOS Condition cause : null
2023-09-27 00:50:06,317 [WARN] PackLoader:238 - Cannot read IP mode file for STMicroelectronics.X-CUBE-NFC7.1.0.1
2023-09-27 00:50:06,329 [WARN] PackLoader:238 - Cannot read IP mode file for STMicroelectronics.X-CUBE-NFC6.3.0.0
2023-09-27 00:50:06,341 [WARN] PackLoader:238 - Cannot read IP mode file for STMicroelectronics.X-CUBE-EEPRMA1.4.1.0
2023-09-27 00:50:06,351 [WARN] PackLoader:238 - Cannot read IP mode file for STMicroelectronics.X-CUBE-AI.8.1.0
2023-09-27 00:50:06,378 [WARN] ConditionMgr:437 - getConditionDescription Invalid condition id : LAN8742 Phy interface Condition cause : null
2023-09-27 00:50:06,379 [WARN] PackLoader:238 - Cannot read IP mode file for STMicroelectronics.X-CUBE-AZRTOS-L4.2.0.0
2023-09-27 00:50:06,380 [WARN] ConditionMgr:1038 - genDependencies : Invalid condition id : LAN8742 Phy interface Condition cause : null
2023-09-27 00:50:06,380 [WARN] ConditionMgr:1038 - genDependencies : Invalid condition id : LAN8742 Phy interface Condition cause : null
2023-09-27 00:50:06,380 [WARN] ConditionMgr:1038 - genDependencies : Invalid condition id : LAN8742 Phy interface Condition cause : null
2023-09-27 00:50:06,392 [WARN] PackLoader:238 - Cannot read IP mode file for STMicroelectronics.X-CUBE-SFXS2LP1.4.0.0
2023-09-27 00:50:06,401 [WARN] PackLoader:238 - Cannot read IP mode file for STMicroelectronics.X-CUBE-ISPU.1.1.0
2023-09-27 00:50:06,416 [ERROR] DbBoards:189 - Image file not found for board NUCLEO-L552ZE-Q: C:\ST\STM32CubeIDE_1.7.0\STM32CubeIDE\plugins\com.st.stm32cube.common.mx_6.3.0.202107141111\\db\/plugins/mcufinder/images/boards/nucleo_l552ze_q_small.jpg
2023-09-27 00:50:06,416 [ERROR] DbBoards:189 - Image file not found for board NUCLEO-U575ZI-Q: C:\ST\STM32CubeIDE_1.7.0\STM32CubeIDE\plugins\com.st.stm32cube.common.mx_6.3.0.202107141111\\db\/plugins/mcufinder/images/boards/nucleo-u575zi-q_small.jpg
2023-09-27 00:50:06,416 [ERROR] DbBoards:189 - Image file not found for board NUCLEO-WB15CC: C:\ST\STM32CubeIDE_1.7.0\STM32CubeIDE\plugins\com.st.stm32cube.common.mx_6.3.0.202107141111\\db\/plugins/mcufinder/images/boards/nucleo-wb15cc_small.jpg
2023-09-27 00:50:06,417 [ERROR] DbBoards:189 - Image file not found for board NUCLEO-WB55RG: C:\ST\STM32CubeIDE_1.7.0\STM32CubeIDE\plugins\com.st.stm32cube.common.mx_6.3.0.202107141111\\db\/plugins/mcufinder/images/boards/nucleo-wb55rg_small.jpg
2023-09-27 00:50:06,435 [WARN] ConditionMgr:437 - getConditionDescription Invalid condition id : UX DEVICE CLASS RTOS Condition cause : null
2023-09-27 00:50:06,436 [WARN] ConditionMgr:437 - getConditionDescription Invalid condition id : UX DEVICE CLASS RTOS Condition cause : null
2023-09-27 00:50:06,438 [WARN] PackLoader:238 - Cannot read IP mode file for STMicroelectronics.X-CUBE-AZRTOS-WB.2.0.0
2023-09-27 00:50:06,439 [WARN] ConditionMgr:1038 - genDependencies : Invalid condition id : UX DEVICE CLASS RTOS Condition cause : null
2023-09-27 00:50:06,439 [WARN] ConditionMgr:1038 - genDependencies : Invalid condition id : UX DEVICE CLASS RTOS Condition cause : null
2023-09-27 00:50:06,439 [WARN] ConditionMgr:1038 - genDependencies : Invalid condition id : UX DEVICE CLASS RTOS Condition cause : null
2023-09-27 00:50:06,439 [WARN] ConditionMgr:1038 - genDependencies : Invalid condition id : UX DEVICE CLASS RTOS Condition cause : null
2023-09-27 00:50:06,439 [WARN] ConditionMgr:1038 - genDependencies : Invalid condition id : UX DEVICE CLASS RTOS Condition cause : null
2023-09-27 00:50:06,462 [WARN] PackLoader:238 - Cannot read IP mode file for STMicroelectronics.X-CUBE-SUBG2.5.0.0
2023-09-27 00:50:06,487 [ERROR] Engine:463 - C:\Users\ASUS\.stm32cubemx\thirdparties\pdsc\STMicroelectronics.X-CUBE-TOF1.3.3.1.pdsc: PDSC version is not supported
2023-09-27 00:50:06,515 [WARN] PackLoader:238 - Cannot read IP mode file for STMicroelectronics.X-CUBE-AZRTOS-G4.2.0.0
2023-09-27 00:50:06,526 [ERROR] Engine:463 - C:\Users\ASUS\.stm32cubemx\thirdparties\pdsc\STMicroelectronics.X-CUBE-FREERTOS.1.1.0.pdsc: PDSC version is not supported
2023-09-27 00:50:06,538 [WARN] PackLoader:238 - Cannot read IP mode file for portGmbH.I-Cube-SoM-uGOAL.1.1.0
2023-09-27 00:50:06,548 [WARN] PackLoader:238 - Cannot read IP mode file for STMicroelectronics.X-CUBE-ALS.1.0.1
2023-09-27 00:50:06,558 [WARN] PackLoader:238 - Cannot read IP mode file for STMicroelectronics.FP-ATR-ASTRA1.2.0.0
2023-09-27 00:50:06,558 [INFO] ThirdParty:915 - Integrity check success = true
2023-09-27 00:50:06,558 [INFO] IntegrityCheckThread:94 - exiting critical section [integrity check]
2023-09-27 00:50:06,558 [INFO] IntegrityCheckThread:97 - End integrity checks thread
2023-09-27 00:50:07,587 [INFO] ApiDb:251 - Load user favorites file C:\Users\ASUS/.stm32cubeide/favorites.boards.txt: 0 item(s)
2023-09-27 00:50:07,587 [INFO] ApiDb:255 - User favorites Boards=[]
2023-09-27 00:50:07,587 [INFO] DbBoards:206 - Set 0 / 0 favorites Boards
2023-09-27 00:50:18,442 [INFO] DbMcusDocs:143 - JSON generation date=Tue Nov 16 23:17:54 ICT 2021 (1637079474)
2023-09-27 00:50:18,771 [INFO] DbMcusDocs:79 - Found 682 MCUs documents
2023-09-27 00:53:40,967 [INFO] MainUpdater:2671 - connection check result : 10
2023-09-27 00:53:40,967 [INFO] MainUpdater:2671 - connection check result : 10
2023-09-27 00:53:41,025 [INFO] MicroXplorer:448 - Change Database Path : 
2023-09-27 00:53:41,025 [INFO] MicroXplorer:478 - Change Database Version : DB.6.0.30
2023-09-27 00:53:41,026 [WARN] ThirdParty:813 - waiting for thirdparty lock release [close project]
2023-09-27 00:53:41,026 [INFO] ThirdParty:815 - entering critical section [close project]
2023-09-27 00:53:41,027 [INFO] ThirdParty:825 - exiting critical section [close project]
2023-09-27 00:53:41,030 [INFO] PinOutPanel:1463 - setPackage(No Configuration,No Configuration)
2023-09-27 00:53:41,031 [INFO] UtilMem:74 - Begin LoadConfig() Used Memory: 663680032 Bytes (738197504)
2023-09-27 00:53:41,032 [INFO] MicroXplorer:448 - Change Database Path : 
2023-09-27 00:53:41,032 [INFO] MicroXplorer:478 - Change Database Version : DB.6.0.30
2023-09-27 00:53:41,032 [INFO] OpenFileManager:313 - Change cursor
2023-09-27 00:53:41,845 [INFO] Context:592 - Trying to add GPIOservice into a context  which must be forbidden
2023-09-27 00:53:42,032 [INFO] ImportTextPane:167 - (OptionalMessage_ERROR) Unable to find key (Mcu.ThirdPartyNb) in loaded IOC file
2023-09-27 00:53:42,032 [INFO] ImportTextPane:167 - (OptionalMessage_ERROR) Unable to find key (Mcu.PinsNb) in loaded IOC file
2023-09-27 00:53:42,032 [INFO] ImportTextPane:167 - (OptionalMessage_ERROR) Unable to find key (Mcu.IPNb) in loaded IOC file
2023-09-27 00:53:42,078 [WARN] ApiManager:304 - Cannot register API 'Board Extension:GNSS1A1' from pack STMicroelectronics.X-CUBE-GNSS1.6.0.0: no header file found
2023-09-27 00:53:42,078 [WARN] ApiManager:304 - Cannot register API 'Board Support:Custom' from pack STMicroelectronics.X-CUBE-GNSS1.6.0.0: no header file found
2023-09-27 00:53:42,078 [WARN] ApiManager:304 - Cannot register API 'Data Exchange:lib_gnss' from pack STMicroelectronics.X-CUBE-GNSS1.6.0.0: no header file found
2023-09-27 00:53:42,082 [WARN] ApiManager:304 - Cannot register API 'Wireless:BlueNRG-MS' from pack STMicroelectronics.X-CUBE-BLE1.7.0.0: no header file found
2023-09-27 00:53:42,086 [WARN] ModelIntegratedComponent:60 - No mode defined for component null
2023-09-27 00:53:42,086 [WARN] ModelIntegratedComponent:60 - No mode defined for component null
2023-09-27 00:53:42,086 [WARN] ModelIntegratedComponent:60 - No mode defined for component null
2023-09-27 00:53:42,086 [WARN] ModelIntegratedComponent:60 - No mode defined for component null
2023-09-27 00:53:42,086 [WARN] ModelIntegratedComponent:60 - No mode defined for component null
2023-09-27 00:53:42,086 [WARN] ModelIntegratedComponent:60 - No mode defined for component null
2023-09-27 00:53:42,086 [WARN] ModelIntegratedComponent:60 - No mode defined for component null
2023-09-27 00:53:42,087 [WARN] ModelIntegratedComponent:60 - No mode defined for component null
2023-09-27 00:53:42,087 [WARN] ModelIntegratedComponent:60 - No mode defined for component null
2023-09-27 00:53:42,087 [WARN] ModelIntegratedComponent:60 - No mode defined for component null
2023-09-27 00:53:42,087 [WARN] ModelIntegratedComponent:60 - No mode defined for component null
2023-09-27 00:53:42,087 [WARN] ModelIntegratedComponent:60 - No mode defined for component null
2023-09-27 00:53:42,087 [WARN] ModelIntegratedComponent:60 - No mode defined for component null
2023-09-27 00:53:42,087 [WARN] ModelIntegratedComponent:60 - No mode defined for component null
2023-09-27 00:53:42,087 [WARN] ModelIntegratedComponent:60 - No mode defined for component null
2023-09-27 00:53:42,087 [WARN] ModelIntegratedComponent:60 - No mode defined for component null
2023-09-27 00:53:42,087 [WARN] ModelIntegratedComponent:60 - No mode defined for component null
2023-09-27 00:53:42,087 [WARN] ModelIntegratedComponent:60 - No mode defined for component null
2023-09-27 00:53:42,087 [WARN] ModelIntegratedComponent:60 - No mode defined for component null
2023-09-27 00:53:42,088 [WARN] ModelIntegratedComponent:60 - No mode defined for component null
2023-09-27 00:53:42,088 [WARN] ModelIntegratedComponent:60 - No mode defined for component null
2023-09-27 00:53:42,088 [WARN] ModelIntegratedComponent:60 - No mode defined for component null
2023-09-27 00:53:42,088 [WARN] ModelIntegratedComponent:60 - No mode defined for component null
2023-09-27 00:53:42,088 [WARN] ModelIntegratedComponent:60 - No mode defined for component null
2023-09-27 00:53:42,088 [WARN] ModelIntegratedComponent:60 - No mode defined for component null
2023-09-27 00:53:42,088 [WARN] ModelIntegratedComponent:60 - No mode defined for component null
2023-09-27 00:53:42,088 [WARN] ModelIntegratedComponent:60 - No mode defined for component null
2023-09-27 00:53:42,089 [WARN] ModelIntegratedComponent:60 - No mode defined for component null
2023-09-27 00:53:42,089 [WARN] ModelIntegratedComponent:60 - No mode defined for component null
2023-09-27 00:53:42,089 [WARN] ModelIntegratedComponent:60 - No mode defined for component null
2023-09-27 00:53:42,089 [WARN] ModelIntegratedComponent:60 - No mode defined for component null
2023-09-27 00:53:42,093 [WARN] ApiManager:304 - Cannot register API 'Board Extension:NFC07A1' from pack STMicroelectronics.X-CUBE-NFC7.1.0.1: no header file found
2023-09-27 00:53:42,097 [WARN] ApiManager:304 - Cannot register API 'Board Extension:NFC06A1' from pack STMicroelectronics.X-CUBE-NFC6.3.0.0: no header file found
2023-09-27 00:53:42,098 [WARN] ApiManager:304 - Cannot register API 'Board Extension:NFC08A1' from pack STMicroelectronics.X-CUBE-NFC6.3.0.0: no header file found
2023-09-27 00:53:42,099 [WARN] ApiManager:304 - Cannot register API 'Board Extension:EEPRMA1' from pack STMicroelectronics.X-CUBE-EEPRMA1.4.1.0: no header file found
2023-09-27 00:53:42,099 [WARN] ApiManager:304 - Cannot register API 'Board Extension:EEPRMA2' from pack STMicroelectronics.X-CUBE-EEPRMA1.4.1.0: no header file found
2023-09-27 00:53:42,099 [WARN] ApiManager:304 - Cannot register API 'Board Extension:PGEEZ1' from pack STMicroelectronics.X-CUBE-EEPRMA1.4.1.0: no header file found
2023-09-27 00:53:42,099 [WARN] ApiManager:304 - Cannot register API 'Board Part:M24' from pack STMicroelectronics.X-CUBE-EEPRMA1.4.1.0: no header file found
2023-09-27 00:53:42,099 [WARN] ApiManager:304 - Cannot register API 'Board Part:M95' from pack STMicroelectronics.X-CUBE-EEPRMA1.4.1.0: no header file found
2023-09-27 00:53:42,099 [WARN] ApiManager:304 - Cannot register API 'Board Part:M95P32' from pack STMicroelectronics.X-CUBE-EEPRMA1.4.1.0: no header file found
2023-09-27 00:53:42,100 [WARN] ApiManager:304 - Cannot register API 'PGEEZ1:SPI' from pack STMicroelectronics.X-CUBE-EEPRMA1.4.1.0: no header file found
2023-09-27 00:53:42,100 [WARN] ApiManager:304 - Cannot register API 'PGEEZ1:QDSPI' from pack STMicroelectronics.X-CUBE-EEPRMA1.4.1.0: no header file found
2023-09-27 00:53:42,364 [WARN] ApiManager:304 - Cannot register API 'Board Extension:IKS01A3' from pack STMicroelectronics.X-CUBE-MEMS1.9.6.0: no header file found
2023-09-27 00:53:42,364 [WARN] ApiManager:304 - Cannot register API 'Board Extension:IKS01A2' from pack STMicroelectronics.X-CUBE-MEMS1.9.6.0: no header file found
2023-09-27 00:53:42,364 [WARN] ApiManager:304 - Cannot register API 'Board Extension:IKS02A1' from pack STMicroelectronics.X-CUBE-MEMS1.9.6.0: no header file found
2023-09-27 00:53:42,378 [INFO] RtosManager:484 - Registered RTOS mode: class=CMSIS, group=RTOS, mode=CMSIS_V1, owner=FREERTOS
2023-09-27 00:53:42,378 [INFO] RtosManager:484 - Registered RTOS mode: class=CMSIS, group=RTOS2, mode=CMSIS_V2, owner=FREERTOS
2023-09-27 00:53:42,378 [INFO] RtosManager:484 - Registered RTOS mode: class=RTOS, group=Core, mode=CMSIS_V1, owner=FREERTOS
2023-09-27 00:53:42,378 [INFO] RtosManager:484 - Registered RTOS mode: class=RTOS, group=Core, mode=CMSIS_V2, owner=FREERTOS
2023-09-27 00:53:42,378 [WARN] ModelIntegratedComponent:181 - Missing modes for component STMicroelectronics:FreeRTOS:0.0.1:STMicroelectronics:RTOS:FreeRTOS:Core:::10.2.0:
2023-09-27 00:53:42,381 [WARN] ApiManager:304 - Cannot register API 'Board Extension:NFC04A1' from pack STMicroelectronics.X-CUBE-NFC4.3.0.0: no header file found
2023-09-27 00:53:42,384 [WARN] ApiManager:304 - Cannot register API 'Board Extension:S2868A1' from pack STMicroelectronics.X-CUBE-SUBG2.5.0.0: no header file found
2023-09-27 00:53:42,384 [WARN] ApiManager:304 - Cannot register API 'Board Extension:S2868A2' from pack STMicroelectronics.X-CUBE-SUBG2.5.0.0: no header file found
2023-09-27 00:53:42,384 [WARN] ApiManager:304 - Cannot register API 'Board Extension:S2915A1' from pack STMicroelectronics.X-CUBE-SUBG2.5.0.0: no header file found
2023-09-27 00:53:42,388 [WARN] ApiManager:304 - Cannot register API 'Board Extension:S2868A1' from pack STMicroelectronics.X-CUBE-SFXS2LP1.4.0.0: no header file found
2023-09-27 00:53:42,388 [WARN] ApiManager:304 - Cannot register API 'Board Extension:S2868A2' from pack STMicroelectronics.X-CUBE-SFXS2LP1.4.0.0: no header file found
2023-09-27 00:53:42,388 [WARN] ApiManager:304 - Cannot register API 'Board Extension:S2915A1' from pack STMicroelectronics.X-CUBE-SFXS2LP1.4.0.0: no header file found
2023-09-27 00:53:42,389 [WARN] ApiManager:304 - Cannot register API 'Wireless:BlueNRG-2' from pack STMicroelectronics.X-CUBE-BLE2.3.3.0: no header file found
2023-09-27 00:53:44,258 [INFO] UtilMem:74 - End LoadConfig() Used Memory: 646550152 Bytes (738197504)
2023-09-27 00:53:44,266 [WARN] ThirdParty:779 - waiting for thirdparty lock release [change project]
2023-09-27 00:53:44,267 [INFO] ThirdParty:781 - entering critical section [change project]
2023-09-27 00:53:44,267 [INFO] ThirdParty:967 - CMSIS Pack Vendor :STMicroelectronics X-CUBE-ISPU 1.1.0
2023-09-27 00:53:44,267 [INFO] ThirdParty:967 - CMSIS Pack Vendor :STMicroelectronics X-CUBE-GNSS1 6.0.0
2023-09-27 00:53:44,267 [INFO] ThirdParty:967 - CMSIS Pack Vendor :STMicroelectronics USB_HOST 2.0.0
2023-09-27 00:53:44,267 [INFO] ThirdParty:967 - CMSIS Pack Vendor :STMicroelectronics X-CUBE-AZRTOS-F4 1.1.0
2023-09-27 00:53:44,267 [INFO] ThirdParty:967 - CMSIS Pack Vendor :STMicroelectronics X-CUBE-BLE1 7.0.0
2023-09-27 00:53:44,267 [INFO] ThirdParty:967 - CMSIS Pack Vendor :STMicroelectronics FP-ATR-SIGFOX1 3.2.0
2023-09-27 00:53:44,267 [INFO] ThirdParty:967 - CMSIS Pack Vendor :wolfSSL I-CUBE-wolfSSL 5.6.3
2023-09-27 00:53:44,267 [INFO] ThirdParty:967 - CMSIS Pack Vendor :STMicroelectronics USB_DEVICE 3.0.0
2023-09-27 00:53:44,267 [INFO] ThirdParty:967 - CMSIS Pack Vendor :STMicroelectronics HAL Drivers 0.0.0
2023-09-27 00:53:44,267 [INFO] ThirdParty:967 - CMSIS Pack Vendor :STMicroelectronics MBEDTLS 2.16.2
2023-09-27 00:53:44,268 [INFO] ThirdParty:967 - CMSIS Pack Vendor :STMicroelectronics X-CUBE-AZRTOS-WB 2.0.0
2023-09-27 00:53:44,268 [INFO] ThirdParty:967 - CMSIS Pack Vendor :STMicroelectronics X-CUBE-TOUCHGFX 4.22.0
2023-09-27 00:53:44,268 [INFO] ThirdParty:967 - CMSIS Pack Vendor :STMicroelectronics X-CUBE-NFC7 1.0.1
2023-09-27 00:53:44,268 [INFO] ThirdParty:967 - CMSIS Pack Vendor :STMicroelectronics MBEDTLS 2.14.1
2023-09-27 00:53:44,268 [INFO] ThirdParty:967 - CMSIS Pack Vendor :STMicroelectronics X-CUBE-AZRTOS-F7 1.1.0
2023-09-27 00:53:44,268 [INFO] ThirdParty:967 - CMSIS Pack Vendor :STMicroelectronics X-CUBE-AZRTOS-L5 2.0.0
2023-09-27 00:53:44,268 [INFO] ThirdParty:967 - CMSIS Pack Vendor :STMicroelectronics X-CUBE-NFC6 3.0.0
2023-09-27 00:53:44,268 [INFO] ThirdParty:967 - CMSIS Pack Vendor :STMicroelectronics X-CUBE-EEPRMA1 4.1.0
2023-09-27 00:53:44,268 [INFO] ThirdParty:967 - CMSIS Pack Vendor :portGmbH I-Cube-SoM-uGOAL 1.1.0
2023-09-27 00:53:44,268 [INFO] ThirdParty:967 - CMSIS Pack Vendor :STMicroelectronics X-CUBE-ALS 1.0.1
2023-09-27 00:53:44,268 [INFO] ThirdParty:967 - CMSIS Pack Vendor :STMicroelectronics USB_DEVICE 2.0.0
2023-09-27 00:53:44,268 [INFO] ThirdParty:967 - CMSIS Pack Vendor :STMicroelectronics X-CUBE-MEMS1 9.6.0
2023-09-27 00:53:44,268 [INFO] ThirdParty:967 - CMSIS Pack Vendor :STMicroelectronics X-CUBE-AZRTOS-WL 2.0.0
2023-09-27 00:53:44,268 [INFO] ThirdParty:967 - CMSIS Pack Vendor :STMicroelectronics X-CUBE-ALGOBUILD 1.3.0
2023-09-27 00:53:44,269 [INFO] ThirdParty:967 - CMSIS Pack Vendor :SEGGER I-CUBE-embOS 1.3.1
2023-09-27 00:53:44,269 [INFO] ThirdParty:967 - CMSIS Pack Vendor :STMicroelectronics FreeRTOS 0.0.1
2023-09-27 00:53:44,269 [INFO] ThirdParty:967 - CMSIS Pack Vendor :STMicroelectronics X-CUBE-AZRTOS-G0 1.1.0
2023-09-27 00:53:44,269 [INFO] ThirdParty:967 - CMSIS Pack Vendor :STMicroelectronics USB_DEVICE 1.0.0
2023-09-27 00:53:44,269 [INFO] ThirdParty:967 - CMSIS Pack Vendor :STMicroelectronics X-CUBE-BLEMGR 2.0.0
2023-09-27 00:53:44,269 [INFO] ThirdParty:967 - CMSIS Pack Vendor :STMicroelectronics X-CUBE-AI 8.1.0
2023-09-27 00:53:44,269 [INFO] ThirdParty:967 - CMSIS Pack Vendor :STMicroelectronics X-CUBE-NFC4 3.0.0
2023-09-27 00:53:44,269 [INFO] ThirdParty:967 - CMSIS Pack Vendor :STMicroelectronics X-CUBE-SUBG2 5.0.0
2023-09-27 00:53:44,269 [INFO] ThirdParty:967 - CMSIS Pack Vendor :STMicroelectronics X-CUBE-AZRTOS-L4 2.0.0
2023-09-27 00:53:44,269 [INFO] ThirdParty:967 - CMSIS Pack Vendor :STMicroelectronics ThreadX 0.0.2
2023-09-27 00:53:44,269 [INFO] ThirdParty:967 - CMSIS Pack Vendor :WES I-CUBE-Cesium 1.3.0
2023-09-27 00:53:44,269 [INFO] ThirdParty:967 - CMSIS Pack Vendor :STMicroelectronics FP-ATR-ASTRA1 2.0.0
2023-09-27 00:53:44,269 [INFO] ThirdParty:967 - CMSIS Pack Vendor :STMicroelectronics lwIP 2.0.3
2023-09-27 00:53:44,269 [INFO] ThirdParty:967 - CMSIS Pack Vendor :STMicroelectronics lwIP 2.1.2
2023-09-27 00:53:44,270 [INFO] ThirdParty:967 - CMSIS Pack Vendor :STMicroelectronics X-CUBE-SFXS2LP1 4.0.0
2023-09-27 00:53:44,270 [INFO] ThirdParty:967 - CMSIS Pack Vendor :STMicroelectronics X-CUBE-BLE2 3.3.0
2023-09-27 00:53:44,270 [INFO] ThirdParty:967 - CMSIS Pack Vendor :STMicroelectronics USB_HOST 1.0.0
2023-09-27 00:53:44,270 [INFO] ThirdParty:967 - CMSIS Pack Vendor :STMicroelectronics X-CUBE-AZRTOS-G4 2.0.0
2023-09-27 00:53:44,270 [INFO] ThirdParty:967 - CMSIS Pack Vendor :STMicroelectronics PDM2PCM 3.1.0
2023-09-27 00:53:44,270 [INFO] ThirdParty:967 - CMSIS Pack Vendor :STMicroelectronics X-CUBE-AZRTOS-H7 3.1.0
2023-09-27 00:53:44,270 [INFO] ThirdParty:967 - CMSIS Pack Vendor :STMicroelectronics PDM2PCM 3.2.0
2023-09-27 00:53:44,270 [INFO] ThirdParty:967 - CMSIS Pack Vendor :STMicroelectronics PDM2PCM 3.3.0
2023-09-27 00:53:44,270 [INFO] ThirdParty:787 - exiting critical section [change project]
2023-09-27 00:53:44,518 [INFO] PinOutPanel:1463 - setPackage(No Configuration,No Configuration)
2023-09-27 00:53:44,519 [INFO] PinOutPanel:1463 - setPackage(STM32F103C6Ux,UFQFPN48)
2023-09-27 00:53:44,879 [INFO] UtilMem:74 - Before build in PCC Used Memory: 643312448 Bytes (738197504)
2023-09-27 00:53:45,485 [INFO] UtilMem:74 - After build in PCC Used Memory: 662353336 Bytes (738197504)
2023-09-27 00:53:45,508 [INFO] IPUIPlugin:74 - create IPUIPlugin
2023-09-27 00:53:45,508 [INFO] IPUIPlugin:74 - create IPUIPlugin
2023-09-27 00:53:45,508 [INFO] IPUIPlugin:74 - create IPUIPlugin
2023-09-27 00:53:45,508 [INFO] IPUIPlugin:74 - create IPUIPlugin
2023-09-27 00:53:45,508 [INFO] IPUIPlugin:74 - create IPUIPlugin
2023-09-27 00:53:45,508 [INFO] IPUIPlugin:74 - create IPUIPlugin
2023-09-27 00:53:45,509 [INFO] IPUIPlugin:74 - create IPUIPlugin
2023-09-27 00:53:45,509 [INFO] IPUIPlugin:74 - create IPUIPlugin
2023-09-27 00:53:45,509 [INFO] IPUIPlugin:74 - create IPUIPlugin
2023-09-27 00:53:45,509 [INFO] IPUIPlugin:74 - create IPUIPlugin
2023-09-27 00:53:45,509 [INFO] IPUIPlugin:74 - create IPUIPlugin
2023-09-27 00:53:45,510 [INFO] IPUIPlugin:74 - create IPUIPlugin
2023-09-27 00:53:45,510 [INFO] IPUIPlugin:74 - create IPUIPlugin
2023-09-27 00:53:45,510 [INFO] IPUIPlugin:74 - create IPUIPlugin
2023-09-27 00:53:45,511 [INFO] IPUIPlugin:74 - create IPUIPlugin
2023-09-27 00:53:45,511 [INFO] IPUIPlugin:74 - create IPUIPlugin
2023-09-27 00:53:45,511 [INFO] IPUIPlugin:74 - create IPUIPlugin
2023-09-27 00:53:45,511 [INFO] IPUIPlugin:74 - create IPUIPlugin
2023-09-27 00:53:45,512 [INFO] IPUIPlugin:74 - create IPUIPlugin
2023-09-27 00:53:45,512 [INFO] IPUIPlugin:74 - create IPUIPlugin
2023-09-27 00:53:45,513 [INFO] IPUIPlugin:74 - create IPUIPlugin
2023-09-27 00:53:45,513 [INFO] IPUIPlugin:74 - create IPUIPlugin
2023-09-27 00:53:45,514 [INFO] IPUIPlugin:74 - create IPUIPlugin
2023-09-27 00:53:45,637 [INFO] OpenFileManager:333 - Restore cursor
2023-09-27 00:53:45,904 [INFO] UtilMem:74 - End SaveConfig() Used Memory: 659056936 Bytes (738197504)
2023-09-27 00:53:45,944 [INFO] UtilMem:74 - End SaveConfig() Used Memory: 671509984 Bytes (738197504)
2023-09-27 00:53:46,258 [INFO] BlockDiagram:2740 - set Specific Code input for plugin: NVIC
2023-09-27 00:53:46,258 [INFO] BlockDiagram:2740 - set Specific Code input for plugin: SYS
2023-09-27 00:53:46,258 [INFO] BlockDiagram:2740 - set Specific Code input for plugin: RCC
2023-09-27 00:53:46,259 [INFO] CodeGenerator:663 - code generatio: config db path: C:\ST\STM32CubeIDE_1.7.0\STM32CubeIDE\plugins\com.st.stm32cube.common.mx_6.3.0.202107141111\\db\
2023-09-27 00:53:46,559 [INFO] CodeEngine:239 - oldGeneratedFile, D:\Microcontroller\LAB2\SOURCE_CODE\LAB2\MXTmpFiles\license.tmp_save
2023-09-27 00:53:46,849 [INFO] CodeEngine:257 - Generated code: D:\Microcontroller\LAB2\SOURCE_CODE\LAB2\MXTmpFiles\license.tmp
2023-09-27 00:53:46,945 [INFO] CodeEngine:239 - oldGeneratedFile, D:\Microcontroller\LAB2\SOURCE_CODE\LAB2\Core\Src\stm32f1xx_it.c_save
2023-09-27 00:53:47,049 [INFO] CodeEngine:257 - Generated code: D:\Microcontroller\LAB2\SOURCE_CODE\LAB2\Core\Src\stm32f1xx_it.c
2023-09-27 00:53:47,055 [INFO] CodeEngine:239 - oldGeneratedFile, D:\Microcontroller\LAB2\SOURCE_CODE\LAB2\Core\Inc\stm32f1xx_it.h_save
2023-09-27 00:53:47,111 [INFO] CodeEngine:257 - Generated code: D:\Microcontroller\LAB2\SOURCE_CODE\LAB2\Core\Inc\stm32f1xx_it.h
2023-09-27 00:53:47,123 [INFO] CodeEngine:239 - oldGeneratedFile, D:\Microcontroller\LAB2\SOURCE_CODE\LAB2\Core\Src\stm32f1xx_hal_msp.c_save
2023-09-27 00:53:47,227 [INFO] CodeEngine:257 - Generated code: D:\Microcontroller\LAB2\SOURCE_CODE\LAB2\Core\Src\stm32f1xx_hal_msp.c
2023-09-27 00:53:47,235 [INFO] CodeEngine:239 - oldGeneratedFile, D:\Microcontroller\LAB2\SOURCE_CODE\LAB2\MXTmpFiles\system.tmp_save
2023-09-27 00:53:47,290 [INFO] CodeEngine:257 - Generated code: D:\Microcontroller\LAB2\SOURCE_CODE\LAB2\MXTmpFiles\system.tmp
2023-09-27 00:53:47,302 [INFO] CodeEngine:239 - oldGeneratedFile, D:\Microcontroller\LAB2\SOURCE_CODE\LAB2\Core\Inc\stm32f1xx_hal_conf.h_save
2023-09-27 00:53:47,387 [INFO] CodeEngine:257 - Generated code: D:\Microcontroller\LAB2\SOURCE_CODE\LAB2\Core\Inc\stm32f1xx_hal_conf.h
2023-09-27 00:53:47,443 [INFO] CodeEngine:239 - oldGeneratedFile, D:\Microcontroller\LAB2\SOURCE_CODE\LAB2\Core\Inc\main.h_save
2023-09-27 00:53:47,552 [INFO] CodeEngine:257 - Generated code: D:\Microcontroller\LAB2\SOURCE_CODE\LAB2\Core\Inc\main.h
2023-09-27 00:53:47,561 [INFO] CodeEngine:239 - oldGeneratedFile, D:\Microcontroller\LAB2\SOURCE_CODE\LAB2\Core\Src\main.c_save
2023-09-27 00:53:47,676 [INFO] CodeEngine:257 - Generated code: D:\Microcontroller\LAB2\SOURCE_CODE\LAB2\Core\Src\main.c
2023-09-27 00:53:48,488 [INFO] ProjectBuilder:2578 - Time for Copy HAL[1] : 76mS.
2023-09-27 00:53:48,493 [INFO] ProjectBuilder:3622 - Project Generator version: 3.14.1
2023-09-27 00:53:48,971 [INFO] ConfigFileManager:1271 - The Die is : DIE412
2023-09-27 00:53:48,995 [INFO] ApiDbMcu:468 - Load IP Config File for FATFS
2023-09-27 00:53:49,037 [INFO] ApiDbMcu:468 - Load IP Config File for FREERTOS
2023-09-27 00:53:49,070 [INFO] ApiDbMcu:468 - Load IP Config File for USB_DEVICE
2023-09-27 00:53:53,783 [INFO] ProjectBuilder:3789 - Time for Generating toolchain IDE Files: 5290mS.
2023-09-27 00:53:53,784 [INFO] ProjectBuilder:2457 - Time for Copy CMSIS : 0mS.
2023-09-27 00:53:53,785 [INFO] ProjectBuilder:2457 - Time for Copy CMSIS : 0mS.
2023-09-27 00:53:54,367 [INFO] McuFinderGlobals:52 - Set McuFinderConnectedMode to true
2023-09-27 00:53:54,368 [INFO] ApiDb:276 - Save user favorites file C:\Users\ASUS/.stm32cubeide/favorites.mcus.txt: 0 item(s)
2023-09-27 00:53:54,369 [INFO] ApiDb:280 - User favorites MCUs=[]
